+ set -e
++ id -u
+ '[' 0 -ne 0 ']'
+++ dirname install.sh
++ cd .
++ pwd
+ SCRIPT_DIR=/home/mk/Oedon
+ REAL_USER=mk
+ '[' -f /home/mk/Oedon/scripts/colors.sh ']'
+ source /home/mk/Oedon/scripts/colors.sh
++ BOLD='\033[1m'
++ NC='\033[0m'
++ RED='\033[0;31m'
++ GREEN='\033[0;32m'
++ YELLOW='\033[1;33m'
++ BLUE='\033[0;34m'
++ PURPLE='\033[0;35m'
++ CYAN='\033[0;36m'
++ OK='\033[0;32m[OK]\033[0m'
++ ERR='\033[0;31m[ERR]\033[0m'
++ INFO='\033[0;36m[INFO]\033[0m'
++ SSL='\033[0;35m[SSL]\033[0m'
++ WARN='\033[1;33m[WARN]\033[0m'
+ echo -e '\033[0;34m\033[1m--- OEDON MASTER INSTALLATION STARTED ---\033[0m'
[0;34m[1m--- OEDON MASTER INSTALLATION STARTED ---[0m
+ echo -e '\n\033[0;34m\033[1mSTEP 1: ENVIRONMENT SETUP\033[0m'

[0;34m[1mSTEP 1: ENVIRONMENT SETUP[0m
+ '[' '!' -f /home/mk/Oedon/.env ']'
+ echo -e '   \033[0;32m[OK]\033[0m .env file already exists.'
   [0;32m[OK][0m .env file already exists.
+ echo -e '\033[0;36m[INFO]\033[0m Configuring System Guardian (Watchdog)...'
[0;36m[INFO][0m Configuring System Guardian (Watchdog)...
+ sudo -u mk crontab -
+ sudo -u mk crontab -l
+ grep -v oedon-watchdog.sh
+ echo -e '   \033[0;32m[OK]\033[0m Watchdog registered in crontab.'
   [0;32m[OK][0m Watchdog registered in crontab.
+ echo -e '\n\033[0;34m\033[1mSTEP 2: SYSTEM DEPENDENCIES\033[0m'

[0;34m[1mSTEP 2: SYSTEM DEPENDENCIES[0m
+ echo -e '   \033[0;36m[INFO]\033[0m Installing system dependencies (acl, fail2ban, ufw, etc)...'
   [0;36m[INFO][0m Installing system dependencies (acl, fail2ban, ufw, etc)...
+ apt_retry_update
+ local max_attempts=3
+ local attempt=1
+ local wait_time=2
+ '[' 1 -le 3 ']'
+ echo -e '   \033[0;36m[INFO]\033[0m apt update (attempt 1/3)...'
   [0;36m[INFO][0m apt update (attempt 1/3)...
+ apt-get update -qq -o Acquire::Check-Valid-Until=false -o Acquire::Check-Date=false
